{"item": "surround sound system", "user": 221, "date": "2023-10-02T07:08:43Z"}
{"item": "smart plug", "user": 778, "date": "2023-10-02T07:08:43Z"}
{"item": "electronic scale", "user": 573, "date": "2023-10-02T07:08:43Z"}
{"item": "USB microscope", "user": 589, "date": "2023-10-02T07:08:43Z"}
{"item": "e-reader", "user": 772, "date": "2023-10-02T07:08:43Z"}
{"item": "thermal imaging camera", "user": 311, "date": "2023-10-02T07:08:43Z"}
{"item": "circuit simulator", "user": 202, "date": "2023-10-02T07:08:43Z"}
{"item": "gaming mouse", "user": 388, "date": "2023-10-02T07:08:43Z"}
{"item": "portable charger", "user": 178, "date": "2023-10-02T07:08:43Z"}
{"item": "thermal paste", "user": 690, "date": "2023-10-02T07:08:43Z"}
{"item": "microSD card", "user": 722, "date": "2023-10-02T07:08:43Z"}
{"item": "microcontroller", "user": 848, "date": "2023-10-02T07:08:43Z"}
{"item": "video doorbell", "user": 595, "date": "2023-10-02T07:08:43Z"}
{"item": "e-ink display", "user": 512, "date": "2023-10-02T07:08:43Z"}
{"item": "solar calculator", "user": 482, "date": "2023-10-02T07:08:43Z"}
{"item": "LED matrix display", "user": 835, "date": "2023-10-02T07:08:43Z"}
{"item": "monitor", "user": 768, "date": "2023-10-02T07:08:43Z"}
{"item": "cable tester", "user": 537, "date": "2023-10-02T07:08:43Z"}
{"item": "dual monitor stand", "user": 795, "date": "2023-10-02T07:08:43Z"}
{"item": "solar calculator", "user": 389, "date": "2023-10-02T07:08:43Z"}
{"item": "laser pointer", "user": 546, "date": "2023-10-02T07:08:43Z"}
{"item": "LED sign", "user": 638, "date": "2023-10-02T07:08:43Z"}
{"item": "external DVD drive", "user": 490, "date": "2023-10-02T07:08:43Z"}
{"item": "external DVD drive", "user": 375, "date": "2023-10-02T07:08:43Z"}
{"item": "LED matrix display", "user": 793, "date": "2023-10-02T07:08:43Z"}
{"item": "drone", "user": 669, "date": "2023-10-02T07:08:43Z"}
{"item": "inkjet printer", "user": 87, "date": "2023-10-02T07:08:43Z"}
{"item": "USB microphone", "user": 152, "date": "2023-10-02T07:08:43Z"}
{"item": "laser pointer", "user": 117, "date": "2023-10-02T07:08:43Z"}
{"item": "game controller", "user": 21, "date": "2023-10-02T07:08:43Z"}
{"item": "Wearable fitness tracker", "user": 209, "date": "2023-10-02T07:08:43Z"}
{"item": "walkie-talkie", "user": 923, "date": "2023-10-02T07:08:43Z"}
{"item": "power bank", "user": 750, "date": "2023-10-02T07:08:43Z"}
{"item": "smart ring", "user": 411, "date": "2023-10-02T07:08:43Z"}
{"item": "robotic toy", "user": 690, "date": "2023-10-02T07:08:43Z"}
{"item": "robot vacuum", "user": 473, "date": "2023-10-02T07:08:43Z"}
{"item": "wireless presenter", "user": 393, "date": "2023-10-02T07:08:43Z"}
{"item": "stylus pen", "user": 167, "date": "2023-10-02T07:08:43Z"}
{"item": "microcontroller", "user": 211, "date": "2023-10-02T07:08:43Z"}
{"item": "LED sign", "user": 394, "date": "2023-10-02T07:08:43Z"}
{"item": "signal oscilloscope", "user": 97, "date": "2023-10-02T07:08:43Z"}
{"item": "robotic kit", "user": 976, "date": "2023-10-02T07:08:43Z"}
{"item": "multimeter", "user": 252, "date": "2023-10-02T07:08:43Z"}
{"item": "digital oscilloscope", "user": 749, "date": "2023-10-02T07:08:43Z"}
{"item": "robotic software", "user": 70, "date": "2023-10-02T07:08:43Z"}
{"item": "barcode scanner", "user": 937, "date": "2023-10-02T07:08:43Z"}
{"item": "voice amplifier", "user": 599, "date": "2023-10-02T07:08:43Z"}
{"item": "portable charger", "user": 339, "date": "2023-10-02T07:08:43Z"}
{"item": "circuit board", "user": 928, "date": "2023-10-02T07:08:43Z"}
{"item": "camera", "user": 554, "date": "2023-10-02T07:08:43Z"}
