{"item": "Bluetooth headphones", "user": 784, "date": "2023-10-02T07:08:20Z"}
{"item": "GPS device", "user": 207, "date": "2023-10-02T07:08:20Z"}
{"item": "digital hygrometer", "user": 183, "date": "2023-10-02T07:08:20Z"}
{"item": "motion sensor", "user": 108, "date": "2023-10-02T07:08:20Z"}
{"item": "smartwatch", "user": 131, "date": "2023-10-02T07:08:20Z"}
{"item": "colorimeter", "user": 235, "date": "2023-10-02T07:08:20Z"}
{"item": "wireless presenter", "user": 763, "date": "2023-10-02T07:08:20Z"}
{"item": "video switcher", "user": 457, "date": "2023-10-02T07:08:20Z"}
{"item": "circuit simulator", "user": 953, "date": "2023-10-02T07:08:20Z"}
{"item": "walkie-talkie", "user": 243, "date": "2023-10-02T07:08:20Z"}
{"item": "circuit board", "user": 611, "date": "2023-10-02T07:08:20Z"}
{"item": "Bluetooth headphones", "user": 926, "date": "2023-10-02T07:08:20Z"}
{"item": "webcam", "user": 445, "date": "2023-10-02T07:08:20Z"}
{"item": "robot vacuum", "user": 420, "date": "2023-10-02T07:08:20Z"}
{"item": "wireless keyboard", "user": 723, "date": "2023-10-02T07:08:20Z"}
{"item": "virtual reality headset", "user": 116, "date": "2023-10-02T07:08:20Z"}
{"item": "drone", "user": 842, "date": "2023-10-02T07:08:20Z"}
{"item": "smart gloves", "user": 55, "date": "2023-10-02T07:08:20Z"}
{"item": "document camera", "user": 123, "date": "2023-10-02T07:08:20Z"}
{"item": "home theater projector", "user": 757, "date": "2023-10-02T07:08:20Z"}
{"item": "solar calculator", "user": 18, "date": "2023-10-02T07:08:20Z"}
{"item": "barcode printer", "user": 228, "date": "2023-10-02T07:08:20Z"}
{"item": "wireless earbuds", "user": 715, "date": "2023-10-02T07:08:20Z"}
{"item": "soldering iron", "user": 836, "date": "2023-10-02T07:08:20Z"}
{"item": "robot arm", "user": 596, "date": "2023-10-02T07:08:20Z"}
{"item": "smart lock", "user": 120, "date": "2023-10-02T07:08:20Z"}
{"item": "smart thermostat", "user": 103, "date": "2023-10-02T07:08:20Z"}
{"item": "robotic prosthetic", "user": 147, "date": "2023-10-02T07:08:20Z"}
{"item": "voice recorder", "user": 651, "date": "2023-10-02T07:08:20Z"}
{"item": "VR headset", "user": 28, "date": "2023-10-02T07:08:20Z"}
{"item": "USB flash drive", "user": 883, "date": "2023-10-02T07:08:20Z"}
{"item": "video doorbell", "user": 861, "date": "2023-10-02T07:08:20Z"}
{"item": "signal analyzer", "user": 531, "date": "2023-10-02T07:08:20Z"}
{"item": "RAM", "user": 232, "date": "2023-10-02T07:08:20Z"}
{"item": "gaming keyboard", "user": 404, "date": "2023-10-02T07:08:20Z"}
{"item": "multimeter", "user": 604, "date": "2023-10-02T07:08:20Z"}
{"item": "smart scale", "user": 516, "date": "2023-10-02T07:08:20Z"}
{"item": "stylus pen", "user": 624, "date": "2023-10-02T07:08:20Z"}
{"item": "microphone", "user": 496, "date": "2023-10-02T07:08:20Z"}
{"item": "USB microphone", "user": 683, "date": "2023-10-02T07:08:20Z"}
{"item": "robot vacuum cleaner", "user": 572, "date": "2023-10-02T07:08:20Z"}
{"item": "cable tester", "user": 520, "date": "2023-10-02T07:08:20Z"}
{"item": "digital oscilloscope", "user": 167, "date": "2023-10-02T07:08:20Z"}
{"item": "smart lock", "user": 245, "date": "2023-10-02T07:08:20Z"}
{"item": "RAM", "user": 443, "date": "2023-10-02T07:08:20Z"}
{"item": "power bank", "user": 577, "date": "2023-10-02T07:08:20Z"}
{"item": "SIM card reader", "user": 114, "date": "2023-10-02T07:08:20Z"}
{"item": "smart bulb", "user": 933, "date": "2023-10-02T07:08:20Z"}
{"item": "barcode printer", "user": 946, "date": "2023-10-02T07:08:20Z"}
{"item": "RFID reader", "user": 965, "date": "2023-10-02T07:08:20Z"}
