{"item": "circuit board", "user": 394, "date": "2023-10-02T07:08:34Z"}
{"item": "soundbar", "user": 822, "date": "2023-10-02T07:08:34Z"}
{"item": "solar panel", "user": 839, "date": "2023-10-02T07:08:34Z"}
{"item": "HDMI splitter", "user": 981, "date": "2023-10-02T07:08:34Z"}
{"item": "computer processor", "user": 771, "date": "2023-10-02T07:08:34Z"}
{"item": "monitor", "user": 34, "date": "2023-10-02T07:08:34Z"}
{"item": "multimeter", "user": 54, "date": "2023-10-02T07:08:34Z"}
{"item": "smart bulb", "user": 387, "date": "2023-10-02T07:08:34Z"}
{"item": "video switcher", "user": 106, "date": "2023-10-02T07:08:34Z"}
{"item": "TV wall mount", "user": 871, "date": "2023-10-02T07:08:34Z"}
{"item": "3D printer", "user": 655, "date": "2023-10-02T07:08:34Z"}
{"item": "video switcher", "user": 136, "date": "2023-10-02T07:08:34Z"}
{"item": "stylus pen", "user": 107, "date": "2023-10-02T07:08:34Z"}
{"item": "RAM", "user": 16, "date": "2023-10-02T07:08:34Z"}
{"item": "drone", "user": 239, "date": "2023-10-02T07:08:34Z"}
{"item": "soldering iron", "user": 735, "date": "2023-10-02T07:08:34Z"}
{"item": "signal oscilloscope", "user": 977, "date": "2023-10-02T07:08:34Z"}
{"item": "soldering iron", "user": 52, "date": "2023-10-02T07:08:34Z"}
{"item": "monitor", "user": 764, "date": "2023-10-02T07:08:34Z"}
{"item": "graphing tablet", "user": 15, "date": "2023-10-02T07:08:34Z"}
{"item": "HDMI cable", "user": 465, "date": "2023-10-02T07:08:34Z"}
{"item": "digital oscilloscope", "user": 778, "date": "2023-10-02T07:08:34Z"}
{"item": "voice amplifier", "user": 284, "date": "2023-10-02T07:08:34Z"}
{"item": "printer ink", "user": 888, "date": "2023-10-02T07:08:34Z"}
{"item": "signal generator", "user": 296, "date": "2023-10-02T07:08:34Z"}
{"item": "thermal paste", "user": 958, "date": "2023-10-02T07:08:34Z"}
{"item": "soldering iron", "user": 132, "date": "2023-10-02T07:08:34Z"}
{"item": "smart plug", "user": 442, "date": "2023-10-02T07:08:34Z"}
{"item": "laptop", "user": 502, "date": "2023-10-02T07:08:34Z"}
{"item": "ethernet cable", "user": 255, "date": "2023-10-02T07:08:34Z"}
{"item": "router", "user": 185, "date": "2023-10-02T07:08:34Z"}
{"item": "RAM", "user": 994, "date": "2023-10-02T07:08:34Z"}
{"item": "colorimeter", "user": 794, "date": "2023-10-02T07:08:34Z"}
{"item": "printer", "user": 990, "date": "2023-10-02T07:08:34Z"}
{"item": "Bluetooth headphones", "user": 53, "date": "2023-10-02T07:08:34Z"}
{"item": "walkie-talkie", "user": 320, "date": "2023-10-02T07:08:34Z"}
{"item": "wireless charger", "user": 804, "date": "2023-10-02T07:08:34Z"}
{"item": "wireless mouse", "user": 7, "date": "2023-10-02T07:08:34Z"}
{"item": "VR headset", "user": 332, "date": "2023-10-02T07:08:34Z"}
{"item": "smart plug", "user": 119, "date": "2023-10-02T07:08:34Z"}
{"item": "VR headset", "user": 635, "date": "2023-10-02T07:08:34Z"}
{"item": "mouse", "user": 128, "date": "2023-10-02T07:08:34Z"}
{"item": "VR headset", "user": 50, "date": "2023-10-02T07:08:34Z"}
{"item": "multimeter", "user": 599, "date": "2023-10-02T07:08:34Z"}
{"item": "signal analyzer", "user": 633, "date": "2023-10-02T07:08:34Z"}
{"item": "e-reader", "user": 186, "date": "2023-10-02T07:08:34Z"}
{"item": "graphics card", "user": 277, "date": "2023-10-02T07:08:34Z"}
{"item": "graphing tablet", "user": 748, "date": "2023-10-02T07:08:34Z"}
{"item": "USB-C dock", "user": 193, "date": "2023-10-02T07:08:34Z"}
{"item": "webcam", "user": 735, "date": "2023-10-02T07:08:34Z"}
