{"item": "USB hub", "user": 432, "date": "2023-10-01T03:44:12Z"}
{"item": "gaming headset", "user": 35, "date": "2023-10-01T03:44:12Z"}
{"item": "wireless headphones", "user": 254, "date": "2023-10-01T03:44:12Z"}
{"item": "virtual reality headset", "user": 370, "date": "2023-10-01T03:44:12Z"}
{"item": "USB microscope", "user": 565, "date": "2023-10-01T03:44:12Z"}
{"item": "handheld scanner", "user": 60, "date": "2023-10-01T03:44:12Z"}
{"item": "smartwatch", "user": 622, "date": "2023-10-01T03:44:12Z"}
{"item": "gaming mouse", "user": 829, "date": "2023-10-01T03:44:12Z"}
{"item": "laser pointer", "user": 389, "date": "2023-10-01T03:44:12Z"}
{"item": "smart doorbell", "user": 114, "date": "2023-10-01T03:44:12Z"}
{"item": "Bluetooth headphones", "user": 960, "date": "2023-10-01T03:44:12Z"}
{"item": "SIM card reader", "user": 839, "date": "2023-10-01T03:44:12Z"}
{"item": "circuit board", "user": 663, "date": "2023-10-01T03:44:12Z"}
{"item": "robotic exoskeleton", "user": 419, "date": "2023-10-01T03:44:12Z"}
{"item": "barcode scanner", "user": 16, "date": "2023-10-01T03:44:12Z"}
{"item": "hard disk drive", "user": 40, "date": "2023-10-01T03:44:12Z"}
{"item": "robotic prosthetic", "user": 224, "date": "2023-10-01T03:44:12Z"}
{"item": "robotic kit", "user": 561, "date": "2023-10-01T03:44:12Z"}
{"item": "wireless headphones", "user": 348, "date": "2023-10-01T03:44:12Z"}
{"item": "computer processor", "user": 612, "date": "2023-10-01T03:44:12Z"}
{"item": "video switcher", "user": 238, "date": "2023-10-01T03:44:12Z"}
{"item": "virtual reality headset", "user": 284, "date": "2023-10-01T03:44:12Z"}
{"item": "wireless charger", "user": 565, "date": "2023-10-01T03:44:12Z"}
{"item": "handheld scanner", "user": 644, "date": "2023-10-01T03:44:12Z"}
{"item": "colorimeter", "user": 994, "date": "2023-10-01T03:44:12Z"}
{"item": "digital camera", "user": 234, "date": "2023-10-01T03:44:12Z"}
{"item": "drone charger", "user": 853, "date": "2023-10-01T03:44:12Z"}
{"item": "gaming keyboard", "user": 346, "date": "2023-10-01T03:44:12Z"}
{"item": "wireless keyboard", "user": 457, "date": "2023-10-01T03:44:12Z"}
{"item": "wireless presenter", "user": 804, "date": "2023-10-01T03:44:12Z"}
{"item": "smart glasses", "user": 781, "date": "2023-10-01T03:44:12Z"}
{"item": "smartwatch", "user": 723, "date": "2023-10-01T03:44:12Z"}
{"item": "home theater projector", "user": 416, "date": "2023-10-01T03:44:12Z"}
{"item": "thermal paste", "user": 635, "date": "2023-10-01T03:44:12Z"}
{"item": "robotic sensor", "user": 929, "date": "2023-10-01T03:44:12Z"}
{"item": "voice recorder", "user": 553, "date": "2023-10-01T03:44:12Z"}
{"item": "digital camera", "user": 328, "date": "2023-10-01T03:44:12Z"}
{"item": "dual monitor stand", "user": 10, "date": "2023-10-01T03:44:12Z"}
{"item": "printer ink", "user": 852, "date": "2023-10-01T03:44:12Z"}
{"item": "gaming console", "user": 364, "date": "2023-10-01T03:44:12Z"}
{"item": "scientific calculator", "user": 589, "date": "2023-10-01T03:44:12Z"}
{"item": "soldering iron", "user": 293, "date": "2023-10-01T03:44:12Z"}
{"item": "smart thermostat", "user": 451, "date": "2023-10-01T03:44:12Z"}
{"item": "digital camera", "user": 619, "date": "2023-10-01T03:44:12Z"}
{"item": "GPS device", "user": 179, "date": "2023-10-01T03:44:12Z"}
{"item": "robotic sensor", "user": 177, "date": "2023-10-01T03:44:12Z"}
{"item": "wireless microphone", "user": 833, "date": "2023-10-01T03:44:12Z"}
{"item": "solar panel", "user": 325, "date": "2023-10-01T03:44:12Z"}
{"item": "surround sound system", "user": 800, "date": "2023-10-01T03:44:12Z"}
{"item": "surround sound system", "user": 381, "date": "2023-10-01T03:44:12Z"}
{"item": "laser printer", "user": 88, "date": "2023-10-01T04:09:02Z"}
{"item": "Wacom tablet", "user": 506, "date": "2023-10-01T04:09:02Z"}
{"item": "motherboard", "user": 824, "date": "2023-10-01T04:09:02Z"}
{"item": "scientific calculator", "user": 976, "date": "2023-10-01T04:09:02Z"}
{"item": "colorimeter", "user": 483, "date": "2023-10-01T04:09:02Z"}
{"item": "gaming headset", "user": 873, "date": "2023-10-01T04:09:02Z"}
{"item": "graphing tablet", "user": 363, "date": "2023-10-01T04:09:02Z"}
{"item": "gaming headset", "user": 368, "date": "2023-10-01T04:09:02Z"}
{"item": "drone", "user": 764, "date": "2023-10-01T04:09:02Z"}
{"item": "dual monitor stand", "user": 172, "date": "2023-10-01T04:09:02Z"}
{"item": "digital camera", "user": 833, "date": "2023-10-01T04:09:02Z"}
{"item": "laser printer", "user": 362, "date": "2023-10-01T04:09:02Z"}
{"item": "wireless presenter", "user": 972, "date": "2023-10-01T04:09:02Z"}
{"item": "smart scale", "user": 621, "date": "2023-10-01T04:09:02Z"}
{"item": "robotic software", "user": 898, "date": "2023-10-01T04:09:02Z"}
{"item": "headphones", "user": 879, "date": "2023-10-01T04:09:02Z"}
{"item": "GPS tracker", "user": 62, "date": "2023-10-01T04:09:02Z"}
{"item": "microSD card", "user": 908, "date": "2023-10-01T04:09:02Z"}
{"item": "robot lawn mower", "user": 35, "date": "2023-10-01T04:09:02Z"}
{"item": "drone charger", "user": 166, "date": "2023-10-01T04:09:02Z"}
{"item": "Wacom tablet", "user": 151, "date": "2023-10-01T04:09:02Z"}
{"item": "smart lock", "user": 693, "date": "2023-10-01T04:09:02Z"}
{"item": "action camera", "user": 765, "date": "2023-10-01T04:09:02Z"}
{"item": "GPS device", "user": 145, "date": "2023-10-01T04:09:02Z"}
{"item": "document camera", "user": 141, "date": "2023-10-01T04:09:02Z"}
{"item": "signal generator", "user": 276, "date": "2023-10-01T04:09:02Z"}
{"item": "wireless earbuds", "user": 456, "date": "2023-10-01T04:09:02Z"}
{"item": "Bluetooth headphones", "user": 206, "date": "2023-10-01T04:09:02Z"}
{"item": "barometric pressure sensor", "user": 820, "date": "2023-10-01T04:09:02Z"}
{"item": "wireless charger", "user": 330, "date": "2023-10-01T04:09:02Z"}
{"item": "game controller", "user": 194, "date": "2023-10-01T04:09:02Z"}
{"item": "VR headset", "user": 922, "date": "2023-10-01T04:09:02Z"}
{"item": "barcode scanner", "user": 403, "date": "2023-10-01T04:09:02Z"}
{"item": "smart mirror", "user": 768, "date": "2023-10-01T04:09:02Z"}
{"item": "laptop", "user": 662, "date": "2023-10-01T04:09:02Z"}
{"item": "smart plug", "user": 59, "date": "2023-10-01T04:09:02Z"}
{"item": "VR treadmill", "user": 344, "date": "2023-10-01T04:09:02Z"}
{"item": "document camera", "user": 313, "date": "2023-10-01T04:09:02Z"}
{"item": "USB microphone", "user": 924, "date": "2023-10-01T04:09:02Z"}
{"item": "electronic scale", "user": 529, "date": "2023-10-01T04:09:02Z"}
{"item": "USB hub", "user": 115, "date": "2023-10-01T04:09:02Z"}
{"item": "robot vacuum", "user": 247, "date": "2023-10-01T04:09:02Z"}
{"item": "RFID tag", "user": 501, "date": "2023-10-01T04:09:02Z"}
{"item": "wireless presenter", "user": 896, "date": "2023-10-01T04:09:02Z"}
{"item": "monitor", "user": 132, "date": "2023-10-01T04:09:02Z"}
{"item": "RAM", "user": 964, "date": "2023-10-01T04:09:02Z"}
{"item": "smart scale", "user": 661, "date": "2023-10-01T04:09:02Z"}
{"item": "robotic exoskeleton", "user": 312, "date": "2023-10-01T04:09:02Z"}
{"item": "graphics card", "user": 509, "date": "2023-10-01T04:09:02Z"}
{"item": "robotic kit", "user": 730, "date": "2023-10-01T04:09:02Z"}
