{"item": "RFID reader", "user": 774, "date": "2023-09-28T17:58:12Z"}
{"item": "keyboard", "user": 903, "date": "2023-09-28T17:58:12Z"}
{"item": "smart lock", "user": 896, "date": "2023-09-28T17:58:12Z"}
{"item": "VR headset", "user": 698, "date": "2023-09-28T17:58:12Z"}
{"item": "smartphone", "user": 633, "date": "2023-09-28T17:58:12Z"}
{"item": "action camera", "user": 769, "date": "2023-09-28T17:58:12Z"}
{"item": "smart gloves", "user": 211, "date": "2023-09-28T17:58:12Z"}
{"item": "Raspberry Pi", "user": 76, "date": "2023-09-28T17:58:12Z"}
{"item": "inkjet printer", "user": 508, "date": "2023-09-28T17:58:12Z"}
{"item": "laptop", "user": 552, "date": "2023-09-28T17:58:12Z"}
{"item": "voice amplifier", "user": 683, "date": "2023-09-28T17:58:12Z"}
{"item": "game controller", "user": 573, "date": "2023-09-28T17:58:12Z"}
{"item": "digital oscilloscope", "user": 486, "date": "2023-09-28T17:58:12Z"}
{"item": "robotic kit", "user": 258, "date": "2023-09-28T17:58:12Z"}
{"item": "drone", "user": 286, "date": "2023-09-28T17:58:12Z"}
{"item": "wireless headphones", "user": 174, "date": "2023-09-28T17:58:12Z"}
{"item": "drone charger", "user": 721, "date": "2023-09-28T17:58:12Z"}
{"item": "smart mirror", "user": 822, "date": "2023-09-28T17:58:12Z"}
{"item": "signal oscilloscope", "user": 908, "date": "2023-09-28T17:58:12Z"}
{"item": "video doorbell", "user": 636, "date": "2023-09-28T17:58:12Z"}
{"item": "digital photo frame", "user": 23, "date": "2023-09-28T17:58:12Z"}
{"item": "HDMI splitter", "user": 190, "date": "2023-09-28T17:58:12Z"}
{"item": "signal generator", "user": 469, "date": "2023-09-28T17:58:12Z"}
{"item": "surround sound system", "user": 465, "date": "2023-09-28T17:58:12Z"}
{"item": "wireless barcode scanner", "user": 553, "date": "2023-09-28T17:58:12Z"}
{"item": "SIM card reader", "user": 69, "date": "2023-09-28T17:58:12Z"}
{"item": "smart doorbell", "user": 382, "date": "2023-09-28T17:58:12Z"}
{"item": "USB flash drive", "user": 82, "date": "2023-09-28T17:58:12Z"}
{"item": "robotic sensor", "user": 26, "date": "2023-09-28T17:58:12Z"}
{"item": "robotic controller", "user": 915, "date": "2023-09-28T17:58:12Z"}
{"item": "ethernet cable", "user": 827, "date": "2023-09-28T17:58:12Z"}
{"item": "TV wall mount", "user": 649, "date": "2023-09-28T17:58:12Z"}
{"item": "cord organizer", "user": 825, "date": "2023-09-28T17:58:12Z"}
{"item": "smartphone", "user": 666, "date": "2023-09-28T17:58:12Z"}
{"item": "game controller", "user": 792, "date": "2023-09-28T17:58:13Z"}
{"item": "handheld scanner", "user": 835, "date": "2023-09-28T17:58:13Z"}
{"item": "colorimeter", "user": 359, "date": "2023-09-28T17:58:13Z"}
{"item": "soldering station", "user": 445, "date": "2023-09-28T17:58:13Z"}
{"item": "keyboard", "user": 320, "date": "2023-09-28T17:58:13Z"}
{"item": "microphone", "user": 856, "date": "2023-09-28T17:58:13Z"}
{"item": "USB microscope", "user": 206, "date": "2023-09-28T17:58:13Z"}
{"item": "smartphone", "user": 228, "date": "2023-09-28T17:58:13Z"}
{"item": "smart gloves", "user": 959, "date": "2023-09-28T17:58:13Z"}
{"item": "VR headset", "user": 650, "date": "2023-09-28T17:58:13Z"}
{"item": "VR treadmill", "user": 584, "date": "2023-09-28T17:58:13Z"}
{"item": "solar panel", "user": 429, "date": "2023-09-28T17:58:13Z"}
{"item": "wireless barcode scanner", "user": 864, "date": "2023-09-28T17:58:13Z"}
{"item": "robotic prosthetic", "user": 254, "date": "2023-09-28T17:58:13Z"}
{"item": "Bluetooth headphones", "user": 89, "date": "2023-09-28T17:58:13Z"}
{"item": "graphics card", "user": 810, "date": "2023-09-28T17:58:13Z"}
