{"item": "CNC machine", "user": 50, "date": "2023-09-28T17:48:50Z"}
{"item": "robotic sensor", "user": 593, "date": "2023-09-28T17:48:50Z"}
{"item": "LED sign", "user": 662, "date": "2023-09-28T17:48:50Z"}
{"item": "robot vacuum cleaner", "user": 883, "date": "2023-09-28T17:48:50Z"}
{"item": "SIM card reader", "user": 826, "date": "2023-09-28T17:48:50Z"}
{"item": "e-reader", "user": 578, "date": "2023-09-28T17:48:50Z"}
{"item": "scientific calculator", "user": 300, "date": "2023-09-28T17:48:50Z"}
{"item": "soundbar", "user": 667, "date": "2023-09-28T17:48:50Z"}
{"item": "thermal imaging camera", "user": 66, "date": "2023-09-28T17:48:50Z"}
{"item": "soldering station", "user": 227, "date": "2023-09-28T17:48:50Z"}
{"item": "USB hub", "user": 508, "date": "2023-09-28T17:48:50Z"}
{"item": "SIM card reader", "user": 948, "date": "2023-09-28T17:48:50Z"}
{"item": "robotic controller", "user": 646, "date": "2023-09-28T17:48:50Z"}
{"item": "RFID reader", "user": 865, "date": "2023-09-28T17:48:50Z"}
{"item": "microphone", "user": 19, "date": "2023-09-28T17:48:50Z"}
{"item": "power supply unit", "user": 211, "date": "2023-09-28T17:48:50Z"}
{"item": "virtual reality headset", "user": 232, "date": "2023-09-28T17:48:50Z"}
{"item": "barcode scanner", "user": 738, "date": "2023-09-28T17:48:50Z"}
{"item": "wireless charger", "user": 249, "date": "2023-09-28T17:48:50Z"}
{"item": "digital photo frame", "user": 383, "date": "2023-09-28T17:48:50Z"}
{"item": "robot arm", "user": 925, "date": "2023-09-28T17:48:50Z"}
{"item": "SIM card reader", "user": 752, "date": "2023-09-28T17:48:50Z"}
{"item": "bluetooth speaker", "user": 537, "date": "2023-09-28T17:48:50Z"}
{"item": "handheld scanner", "user": 224, "date": "2023-09-28T17:48:50Z"}
{"item": "external DVD drive", "user": 580, "date": "2023-09-28T17:48:50Z"}
{"item": "motion sensor", "user": 455, "date": "2023-09-28T17:48:50Z"}
{"item": "barcode scanner", "user": 848, "date": "2023-09-28T17:48:50Z"}
{"item": "USB flash drive", "user": 549, "date": "2023-09-28T17:48:50Z"}
{"item": "Raspberry Pi", "user": 736, "date": "2023-09-28T17:48:50Z"}
{"item": "gaming mouse", "user": 701, "date": "2023-09-28T17:48:50Z"}
{"item": "cord organizer", "user": 825, "date": "2023-09-28T17:48:50Z"}
{"item": "POS system", "user": 260, "date": "2023-09-28T17:48:50Z"}
{"item": "cable tester", "user": 522, "date": "2023-09-28T17:48:50Z"}
{"item": "wireless presenter", "user": 923, "date": "2023-09-28T17:48:50Z"}
{"item": "soundbar", "user": 200, "date": "2023-09-28T17:48:50Z"}
{"item": "circuit board", "user": 960, "date": "2023-09-28T17:48:50Z"}
{"item": "robotic prosthetic", "user": 554, "date": "2023-09-28T17:48:50Z"}
{"item": "3D printing pen", "user": 121, "date": "2023-09-28T17:48:50Z"}
{"item": "soldering iron", "user": 604, "date": "2023-09-28T17:48:50Z"}
{"item": "cable tester", "user": 761, "date": "2023-09-28T17:48:50Z"}
{"item": "power supply unit", "user": 351, "date": "2023-09-28T17:48:50Z"}
{"item": "portable charger", "user": 87, "date": "2023-09-28T17:48:50Z"}
{"item": "solar calculator", "user": 231, "date": "2023-09-28T17:48:50Z"}
{"item": "wireless mouse", "user": 27, "date": "2023-09-28T17:48:50Z"}
{"item": "HDMI splitter", "user": 800, "date": "2023-09-28T17:48:50Z"}
{"item": "Arduino board", "user": 626, "date": "2023-09-28T17:48:50Z"}
{"item": "webcam", "user": 451, "date": "2023-09-28T17:48:50Z"}
{"item": "smart thermostat", "user": 621, "date": "2023-09-28T17:48:50Z"}
{"item": "power supply unit", "user": 42, "date": "2023-09-28T17:48:50Z"}
{"item": "circuit board", "user": 625, "date": "2023-09-28T17:48:50Z"}
{"item": "robot lawn mower", "user": 490, "date": "2023-09-28T17:50:00Z"}
{"item": "e-reader", "user": 884, "date": "2023-09-28T17:50:00Z"}
{"item": "HDMI cable", "user": 107, "date": "2023-09-28T17:50:00Z"}
{"item": "mouse", "user": 735, "date": "2023-09-28T17:50:00Z"}
{"item": "smart thermostat", "user": 203, "date": "2023-09-28T17:50:00Z"}
{"item": "digital photo frame", "user": 424, "date": "2023-09-28T17:50:00Z"}
{"item": "wireless earbuds", "user": 26, "date": "2023-09-28T17:50:00Z"}
{"item": "hard disk drive", "user": 801, "date": "2023-09-28T17:50:00Z"}
{"item": "robot vacuum", "user": 594, "date": "2023-09-28T17:50:00Z"}
{"item": "power bank", "user": 59, "date": "2023-09-28T17:50:00Z"}
{"item": "Arduino board", "user": 936, "date": "2023-09-28T17:50:00Z"}
{"item": "smart doorbell", "user": 265, "date": "2023-09-28T17:50:00Z"}
{"item": "video switcher", "user": 382, "date": "2023-09-28T17:50:00Z"}
{"item": "gaming headset", "user": 193, "date": "2023-09-28T17:50:00Z"}
{"item": "voice recorder", "user": 712, "date": "2023-09-28T17:50:00Z"}
{"item": "soldering station", "user": 390, "date": "2023-09-28T17:50:00Z"}
{"item": "multimeter", "user": 473, "date": "2023-09-28T17:50:00Z"}
{"item": "stylus pen", "user": 961, "date": "2023-09-28T17:50:00Z"}
{"item": "digital photo frame", "user": 482, "date": "2023-09-28T17:50:00Z"}
{"item": "fitness tracker", "user": 430, "date": "2023-09-28T17:50:00Z"}
{"item": "wireless presenter", "user": 609, "date": "2023-09-28T17:50:00Z"}
{"item": "stylus pen", "user": 989, "date": "2023-09-28T17:50:00Z"}
{"item": "cable tester", "user": 818, "date": "2023-09-28T17:50:00Z"}
{"item": "3D printer", "user": 65, "date": "2023-09-28T17:50:00Z"}
{"item": "router", "user": 969, "date": "2023-09-28T17:50:00Z"}
{"item": "barcode scanner", "user": 246, "date": "2023-09-28T17:50:00Z"}
{"item": "gaming headset", "user": 74, "date": "2023-09-28T17:50:00Z"}
{"item": "GoPro camera", "user": 131, "date": "2023-09-28T17:50:00Z"}
{"item": "power supply unit", "user": 417, "date": "2023-09-28T17:50:00Z"}
{"item": "power strip", "user": 521, "date": "2023-09-28T17:50:00Z"}
{"item": "USB microphone", "user": 392, "date": "2023-09-28T17:50:00Z"}
{"item": "gaming keyboard", "user": 689, "date": "2023-09-28T17:50:00Z"}
{"item": "router", "user": 67, "date": "2023-09-28T17:50:00Z"}
{"item": "smartwatch", "user": 8, "date": "2023-09-28T17:50:00Z"}
{"item": "soldering iron", "user": 514, "date": "2023-09-28T17:50:00Z"}
{"item": "soundbar", "user": 509, "date": "2023-09-28T17:50:00Z"}
{"item": "GPS tracker", "user": 758, "date": "2023-09-28T17:50:00Z"}
{"item": "robotic kit", "user": 686, "date": "2023-09-28T17:50:00Z"}
{"item": "robotic prosthetic", "user": 164, "date": "2023-09-28T17:50:00Z"}
{"item": "gaming keyboard", "user": 617, "date": "2023-09-28T17:50:00Z"}
{"item": "robotic kit", "user": 781, "date": "2023-09-28T17:50:00Z"}
{"item": "gaming console", "user": 163, "date": "2023-09-28T17:50:00Z"}
{"item": "fitness tracker", "user": 647, "date": "2023-09-28T17:50:00Z"}
{"item": "graphics card", "user": 620, "date": "2023-09-28T17:50:00Z"}
{"item": "thermal paste", "user": 315, "date": "2023-09-28T17:50:00Z"}
{"item": "camera", "user": 232, "date": "2023-09-28T17:50:00Z"}
{"item": "computer case", "user": 634, "date": "2023-09-28T17:50:00Z"}
{"item": "3D printer", "user": 914, "date": "2023-09-28T17:50:00Z"}
{"item": "gaming keyboard", "user": 709, "date": "2023-09-28T17:50:00Z"}
{"item": "robotic arm", "user": 70, "date": "2023-09-28T17:50:00Z"}
