{"item": "GoPro camera", "user": 575, "date": "2023-10-01T23:19:08Z"}
{"item": "surround sound system", "user": 453, "date": "2023-10-01T23:19:08Z"}
{"item": "document camera", "user": 299, "date": "2023-10-01T23:19:08Z"}
{"item": "robotic arm", "user": 630, "date": "2023-10-01T23:19:08Z"}
{"item": "tablet", "user": 994, "date": "2023-10-01T23:19:08Z"}
{"item": "smart bulb", "user": 656, "date": "2023-10-01T23:19:08Z"}
{"item": "CNC machine", "user": 532, "date": "2023-10-01T23:19:08Z"}
{"item": "graphing calculator", "user": 682, "date": "2023-10-01T23:19:08Z"}
{"item": "printer", "user": 783, "date": "2023-10-01T23:19:08Z"}
{"item": "soundbar", "user": 760, "date": "2023-10-01T23:19:08Z"}
{"item": "robotic software", "user": 8, "date": "2023-10-01T23:19:08Z"}
{"item": "RFID tag", "user": 805, "date": "2023-10-01T23:19:08Z"}
{"item": "GoPro camera", "user": 253, "date": "2023-10-01T23:19:08Z"}
{"item": "robotic prosthetic", "user": 6, "date": "2023-10-01T23:19:08Z"}
{"item": "signal generator", "user": 574, "date": "2023-10-01T23:19:08Z"}
{"item": "circuit simulator", "user": 67, "date": "2023-10-01T23:19:08Z"}
{"item": "scientific calculator", "user": 345, "date": "2023-10-01T23:19:08Z"}
{"item": "fitness tracker", "user": 513, "date": "2023-10-01T23:19:08Z"}
{"item": "HDMI splitter", "user": 898, "date": "2023-10-01T23:19:08Z"}
{"item": "gaming console", "user": 517, "date": "2023-10-01T23:19:08Z"}
{"item": "cable tester", "user": 119, "date": "2023-10-01T23:19:08Z"}
{"item": "signal analyzer", "user": 845, "date": "2023-10-01T23:19:08Z"}
{"item": "smartwatch", "user": 13, "date": "2023-10-01T23:19:08Z"}
{"item": "CNC machine", "user": 206, "date": "2023-10-01T23:19:08Z"}
{"item": "robotic arm", "user": 703, "date": "2023-10-01T23:19:08Z"}
{"item": "gaming console", "user": 567, "date": "2023-10-01T23:19:08Z"}
{"item": "digital photo frame", "user": 979, "date": "2023-10-01T23:19:08Z"}
{"item": "smart mirror", "user": 255, "date": "2023-10-01T23:19:08Z"}
{"item": "thermal paste", "user": 668, "date": "2023-10-01T23:19:08Z"}
{"item": "headphones", "user": 145, "date": "2023-10-01T23:19:08Z"}
{"item": "universal remote", "user": 812, "date": "2023-10-01T23:19:08Z"}
{"item": "robotic sensor", "user": 748, "date": "2023-10-01T23:19:08Z"}
{"item": "surround sound system", "user": 763, "date": "2023-10-01T23:19:08Z"}
{"item": "laptop", "user": 705, "date": "2023-10-01T23:19:08Z"}
{"item": "action camera", "user": 781, "date": "2023-10-01T23:19:08Z"}
{"item": "digital photo frame", "user": 746, "date": "2023-10-01T23:19:08Z"}
{"item": "soundbar", "user": 166, "date": "2023-10-01T23:19:08Z"}
{"item": "monitor", "user": 428, "date": "2023-10-01T23:19:08Z"}
{"item": "smart lock", "user": 746, "date": "2023-10-01T23:19:08Z"}
{"item": "wireless barcode scanner", "user": 480, "date": "2023-10-01T23:19:08Z"}
{"item": "monitor", "user": 384, "date": "2023-10-01T23:19:08Z"}
{"item": "smartphone", "user": 217, "date": "2023-10-01T23:19:08Z"}
{"item": "power supply unit", "user": 842, "date": "2023-10-01T23:19:08Z"}
{"item": "USB hub", "user": 734, "date": "2023-10-01T23:19:08Z"}
{"item": "smartphone", "user": 153, "date": "2023-10-01T23:19:08Z"}
{"item": "portable SSD", "user": 125, "date": "2023-10-01T23:19:08Z"}
{"item": "computer case", "user": 126, "date": "2023-10-01T23:19:08Z"}
{"item": "cable tester", "user": 769, "date": "2023-10-01T23:19:08Z"}
{"item": "colorimeter", "user": 772, "date": "2023-10-01T23:19:08Z"}
{"item": "smart glasses", "user": 717, "date": "2023-10-01T23:19:08Z"}
