{"item": "solid-state drive", "user": 902, "date": "2023-10-01T23:15:32Z"}
{"item": "smart ring", "user": 151, "date": "2023-10-01T23:15:32Z"}
{"item": "gaming keyboard", "user": 711, "date": "2023-10-01T23:15:32Z"}
{"item": "computer case", "user": 277, "date": "2023-10-01T23:15:32Z"}
{"item": "robot lawn mower", "user": 532, "date": "2023-10-01T23:15:32Z"}
{"item": "cord organizer", "user": 202, "date": "2023-10-01T23:15:32Z"}
{"item": "multimeter", "user": 292, "date": "2023-10-01T23:15:32Z"}
{"item": "circuit simulator", "user": 842, "date": "2023-10-01T23:15:32Z"}
{"item": "surround sound system", "user": 834, "date": "2023-10-01T23:15:32Z"}
{"item": "digital camera", "user": 962, "date": "2023-10-01T23:15:32Z"}
{"item": "external DVD drive", "user": 504, "date": "2023-10-01T23:15:32Z"}
{"item": "scientific calculator", "user": 610, "date": "2023-10-01T23:15:32Z"}
{"item": "robot kit", "user": 627, "date": "2023-10-01T23:15:32Z"}
{"item": "game controller", "user": 310, "date": "2023-10-01T23:15:32Z"}
{"item": "router", "user": 239, "date": "2023-10-01T23:15:32Z"}
{"item": "robotic prosthetic", "user": 311, "date": "2023-10-01T23:15:32Z"}
{"item": "Raspberry Pi", "user": 648, "date": "2023-10-01T23:15:32Z"}
{"item": "robot arm", "user": 231, "date": "2023-10-01T23:15:32Z"}
{"item": "thermal paste", "user": 596, "date": "2023-10-01T23:15:32Z"}
{"item": "handheld scanner", "user": 981, "date": "2023-10-01T23:15:32Z"}
{"item": "smart thermostat", "user": 505, "date": "2023-10-01T23:15:32Z"}
{"item": "Wearable fitness tracker", "user": 856, "date": "2023-10-01T23:15:32Z"}
{"item": "wireless mouse", "user": 131, "date": "2023-10-01T23:15:32Z"}
{"item": "external DVD drive", "user": 146, "date": "2023-10-01T23:15:32Z"}
{"item": "robot arm", "user": 839, "date": "2023-10-01T23:15:32Z"}
{"item": "smart scale", "user": 576, "date": "2023-10-01T23:15:32Z"}
{"item": "wireless keyboard", "user": 197, "date": "2023-10-01T23:15:32Z"}
{"item": "robotic toy", "user": 769, "date": "2023-10-01T23:15:32Z"}
{"item": "Bluetooth headphones", "user": 173, "date": "2023-10-01T23:15:32Z"}
{"item": "robotic exoskeleton", "user": 950, "date": "2023-10-01T23:15:32Z"}
{"item": "keyboard", "user": 821, "date": "2023-10-01T23:15:32Z"}
{"item": "laser printer", "user": 896, "date": "2023-10-01T23:15:32Z"}
{"item": "thermal imaging camera", "user": 951, "date": "2023-10-01T23:15:32Z"}
{"item": "e-reader", "user": 563, "date": "2023-10-01T23:15:32Z"}
{"item": "smart belt", "user": 975, "date": "2023-10-01T23:15:32Z"}
{"item": "robotic kit", "user": 161, "date": "2023-10-01T23:15:32Z"}
{"item": "printer ink", "user": 96, "date": "2023-10-01T23:15:32Z"}
{"item": "robotic kit", "user": 818, "date": "2023-10-01T23:15:32Z"}
{"item": "fitness tracker", "user": 991, "date": "2023-10-01T23:15:32Z"}
{"item": "virtual reality headset", "user": 498, "date": "2023-10-01T23:15:32Z"}
{"item": "document camera", "user": 607, "date": "2023-10-01T23:15:32Z"}
{"item": "robot vacuum cleaner", "user": 830, "date": "2023-10-01T23:15:32Z"}
{"item": "gaming console", "user": 282, "date": "2023-10-01T23:15:32Z"}
{"item": "printer", "user": 609, "date": "2023-10-01T23:15:32Z"}
{"item": "microcontroller", "user": 941, "date": "2023-10-01T23:15:32Z"}
{"item": "VR treadmill", "user": 573, "date": "2023-10-01T23:15:32Z"}
{"item": "soldering iron", "user": 81, "date": "2023-10-01T23:15:32Z"}
{"item": "Wearable fitness tracker", "user": 196, "date": "2023-10-01T23:15:32Z"}
{"item": "wireless earbuds", "user": 782, "date": "2023-10-01T23:15:32Z"}
{"item": "smart lock", "user": 120, "date": "2023-10-01T23:15:32Z"}
