{"item": "wireless keyboard", "user": 551, "date": "2023-10-01T23:18:31Z"}
{"item": "Wacom tablet", "user": 262, "date": "2023-10-01T23:18:31Z"}
{"item": "document camera", "user": 208, "date": "2023-10-01T23:18:31Z"}
{"item": "power supply unit", "user": 904, "date": "2023-10-01T23:18:31Z"}
{"item": "robotic controller", "user": 138, "date": "2023-10-01T23:18:31Z"}
{"item": "smart glasses", "user": 191, "date": "2023-10-01T23:18:31Z"}
{"item": "keyboard", "user": 175, "date": "2023-10-01T23:18:31Z"}
{"item": "motherboard", "user": 860, "date": "2023-10-01T23:18:31Z"}
{"item": "circuit board", "user": 700, "date": "2023-10-01T23:18:31Z"}
{"item": "cable tester", "user": 844, "date": "2023-10-01T23:18:31Z"}
{"item": "digital hygrometer", "user": 344, "date": "2023-10-01T23:18:31Z"}
{"item": "robot vacuum cleaner", "user": 732, "date": "2023-10-01T23:18:31Z"}
{"item": "walkie-talkie", "user": 222, "date": "2023-10-01T23:18:31Z"}
{"item": "graphing calculator", "user": 971, "date": "2023-10-01T23:18:31Z"}
{"item": "smartwatch", "user": 708, "date": "2023-10-01T23:18:31Z"}
{"item": "graphics card", "user": 474, "date": "2023-10-01T23:18:31Z"}
{"item": "headphones", "user": 221, "date": "2023-10-01T23:18:31Z"}
{"item": "solar calculator", "user": 615, "date": "2023-10-01T23:18:31Z"}
{"item": "webcam", "user": 932, "date": "2023-10-01T23:18:31Z"}
{"item": "robot kit", "user": 777, "date": "2023-10-01T23:18:31Z"}
{"item": "wireless headphones", "user": 771, "date": "2023-10-01T23:18:31Z"}
{"item": "smart belt", "user": 938, "date": "2023-10-01T23:18:31Z"}
{"item": "camera", "user": 174, "date": "2023-10-01T23:18:31Z"}
{"item": "external hard drive", "user": 173, "date": "2023-10-01T23:18:31Z"}
{"item": "handheld scanner", "user": 407, "date": "2023-10-01T23:18:31Z"}
{"item": "portable SSD", "user": 805, "date": "2023-10-01T23:18:31Z"}
{"item": "microcontroller", "user": 611, "date": "2023-10-01T23:18:31Z"}
{"item": "signal oscilloscope", "user": 852, "date": "2023-10-01T23:18:31Z"}
{"item": "Bluetooth headphones", "user": 537, "date": "2023-10-01T23:18:31Z"}
{"item": "robot kit", "user": 780, "date": "2023-10-01T23:18:31Z"}
{"item": "digital hygrometer", "user": 827, "date": "2023-10-01T23:18:31Z"}
{"item": "smart gloves", "user": 839, "date": "2023-10-01T23:18:31Z"}
{"item": "bluetooth speaker", "user": 275, "date": "2023-10-01T23:18:31Z"}
{"item": "VR treadmill", "user": 760, "date": "2023-10-01T23:18:31Z"}
{"item": "gaming keyboard", "user": 958, "date": "2023-10-01T23:18:31Z"}
{"item": "cord organizer", "user": 252, "date": "2023-10-01T23:18:31Z"}
{"item": "ethernet cable", "user": 889, "date": "2023-10-01T23:18:31Z"}
{"item": "graphing calculator", "user": 441, "date": "2023-10-01T23:18:31Z"}
{"item": "VR headset", "user": 445, "date": "2023-10-01T23:18:31Z"}
{"item": "smart mirror", "user": 119, "date": "2023-10-01T23:18:31Z"}
{"item": "document camera", "user": 508, "date": "2023-10-01T23:18:31Z"}
{"item": "portable SSD", "user": 138, "date": "2023-10-01T23:18:31Z"}
{"item": "dual monitor stand", "user": 441, "date": "2023-10-01T23:18:31Z"}
{"item": "smartphone", "user": 142, "date": "2023-10-01T23:18:31Z"}
{"item": "robotic kit", "user": 364, "date": "2023-10-01T23:18:31Z"}
{"item": "video doorbell", "user": 34, "date": "2023-10-01T23:18:31Z"}
{"item": "circuit simulator", "user": 164, "date": "2023-10-01T23:18:31Z"}
{"item": "digital photo frame", "user": 893, "date": "2023-10-01T23:18:31Z"}
{"item": "LED sign", "user": 929, "date": "2023-10-01T23:18:31Z"}
{"item": "RFID tag", "user": 770, "date": "2023-10-01T23:18:31Z"}
