{"item": "bluetooth speaker", "user": 956, "date": "2023-09-28T17:51:14Z"}
{"item": "CNC machine", "user": 734, "date": "2023-09-28T17:51:14Z"}
{"item": "smartwatch", "user": 939, "date": "2023-09-28T17:51:14Z"}
{"item": "camera", "user": 168, "date": "2023-09-28T17:51:14Z"}
{"item": "robot vacuum cleaner", "user": 596, "date": "2023-09-28T17:51:14Z"}
{"item": "digital oscilloscope", "user": 656, "date": "2023-09-28T17:51:14Z"}
{"item": "smart lock", "user": 841, "date": "2023-09-28T17:51:14Z"}
{"item": "robotic arm", "user": 863, "date": "2023-09-28T17:51:14Z"}
{"item": "e-reader", "user": 314, "date": "2023-09-28T17:51:14Z"}
{"item": "external hard drive", "user": 837, "date": "2023-09-28T17:51:14Z"}
{"item": "TV wall mount", "user": 897, "date": "2023-09-28T17:51:14Z"}
{"item": "colorimeter", "user": 683, "date": "2023-09-28T17:51:14Z"}
{"item": "TV wall mount", "user": 348, "date": "2023-09-28T17:51:14Z"}
{"item": "robotic arm", "user": 48, "date": "2023-09-28T17:51:14Z"}
{"item": "microphone", "user": 589, "date": "2023-09-28T17:51:14Z"}
{"item": "robotic software", "user": 603, "date": "2023-09-28T17:51:14Z"}
{"item": "video doorbell", "user": 465, "date": "2023-09-28T17:51:14Z"}
{"item": "headphones", "user": 170, "date": "2023-09-28T17:51:14Z"}
{"item": "Raspberry Pi", "user": 897, "date": "2023-09-28T17:51:14Z"}
{"item": "e-ink display", "user": 285, "date": "2023-09-28T17:51:14Z"}
{"item": "portable SSD", "user": 979, "date": "2023-09-28T17:51:14Z"}
{"item": "gaming console", "user": 923, "date": "2023-09-28T17:51:14Z"}
{"item": "printer", "user": 978, "date": "2023-09-28T17:51:14Z"}
{"item": "e-ink display", "user": 176, "date": "2023-09-28T17:51:14Z"}
{"item": "cable tester", "user": 79, "date": "2023-09-28T17:51:14Z"}
{"item": "video doorbell", "user": 411, "date": "2023-09-28T17:51:14Z"}
{"item": "voice amplifier", "user": 906, "date": "2023-09-28T17:51:14Z"}
{"item": "voice amplifier", "user": 856, "date": "2023-09-28T17:51:14Z"}
{"item": "video doorbell", "user": 931, "date": "2023-09-28T17:51:14Z"}
{"item": "digital photo frame", "user": 597, "date": "2023-09-28T17:51:14Z"}
{"item": "LED matrix display", "user": 548, "date": "2023-09-28T17:51:14Z"}
{"item": "barcode scanner", "user": 498, "date": "2023-09-28T17:51:14Z"}
{"item": "smartphone", "user": 62, "date": "2023-09-28T17:51:14Z"}
{"item": "printer ink", "user": 648, "date": "2023-09-28T17:51:15Z"}
{"item": "hard disk drive", "user": 434, "date": "2023-09-28T17:51:15Z"}
{"item": "Wacom tablet", "user": 150, "date": "2023-09-28T17:51:15Z"}
{"item": "voice recorder", "user": 143, "date": "2023-09-28T17:51:15Z"}
{"item": "smartwatch", "user": 878, "date": "2023-09-28T17:51:15Z"}
{"item": "SIM card reader", "user": 898, "date": "2023-09-28T17:51:15Z"}
{"item": "RFID reader", "user": 483, "date": "2023-09-28T17:51:15Z"}
{"item": "smartphone", "user": 865, "date": "2023-09-28T17:51:15Z"}
{"item": "robotic sensor", "user": 640, "date": "2023-09-28T17:51:15Z"}
{"item": "wireless keyboard", "user": 955, "date": "2023-09-28T17:51:15Z"}
{"item": "wireless charger", "user": 76, "date": "2023-09-28T17:51:15Z"}
{"item": "wireless presenter", "user": 368, "date": "2023-09-28T17:51:15Z"}
{"item": "SIM card reader", "user": 350, "date": "2023-09-28T17:51:15Z"}
{"item": "drone charger", "user": 166, "date": "2023-09-28T17:51:15Z"}
{"item": "computer case", "user": 640, "date": "2023-09-28T17:51:15Z"}
{"item": "3D printer", "user": 538, "date": "2023-09-28T17:51:15Z"}
{"item": "action camera", "user": 342, "date": "2023-09-28T17:51:15Z"}
