{"item": "smart mirror", "user": 444, "date": "2023-09-28T17:51:26Z"}
{"item": "Bluetooth headphones", "user": 43, "date": "2023-09-28T17:51:26Z"}
{"item": "laptop", "user": 328, "date": "2023-09-28T17:51:26Z"}
{"item": "digital photo frame", "user": 224, "date": "2023-09-28T17:51:26Z"}
{"item": "motherboard", "user": 934, "date": "2023-09-28T17:51:26Z"}
{"item": "laptop", "user": 891, "date": "2023-09-28T17:51:26Z"}
{"item": "tablet", "user": 248, "date": "2023-09-28T17:51:26Z"}
{"item": "robot vacuum", "user": 981, "date": "2023-09-28T17:51:26Z"}
{"item": "ethernet cable", "user": 165, "date": "2023-09-28T17:51:26Z"}
{"item": "Bluetooth headphones", "user": 595, "date": "2023-09-28T17:51:26Z"}
{"item": "robotic prosthetic", "user": 75, "date": "2023-09-28T17:51:26Z"}
{"item": "robotic sensor", "user": 322, "date": "2023-09-28T17:51:26Z"}
{"item": "USB hub", "user": 607, "date": "2023-09-28T17:51:26Z"}
{"item": "graphics card", "user": 581, "date": "2023-09-28T17:51:26Z"}
{"item": "Wacom tablet", "user": 316, "date": "2023-09-28T17:51:26Z"}
{"item": "robotic controller", "user": 165, "date": "2023-09-28T17:51:26Z"}
{"item": "HDMI splitter", "user": 687, "date": "2023-09-28T17:51:26Z"}
{"item": "bluetooth speaker", "user": 924, "date": "2023-09-28T17:51:26Z"}
{"item": "smart glasses", "user": 185, "date": "2023-09-28T17:51:26Z"}
{"item": "digital camera", "user": 480, "date": "2023-09-28T17:51:26Z"}
{"item": "USB hub", "user": 439, "date": "2023-09-28T17:51:26Z"}
{"item": "multimeter", "user": 520, "date": "2023-09-28T17:51:26Z"}
{"item": "SIM card reader", "user": 147, "date": "2023-09-28T17:51:26Z"}
{"item": "digital photo frame", "user": 967, "date": "2023-09-28T17:51:26Z"}
{"item": "robot kit", "user": 187, "date": "2023-09-28T17:51:26Z"}
{"item": "game controller", "user": 222, "date": "2023-09-28T17:51:26Z"}
{"item": "VR treadmill", "user": 80, "date": "2023-09-28T17:51:26Z"}
{"item": "drone charger", "user": 594, "date": "2023-09-28T17:51:26Z"}
{"item": "action camera", "user": 767, "date": "2023-09-28T17:51:26Z"}
{"item": "headphones", "user": 987, "date": "2023-09-28T17:51:26Z"}
{"item": "soldering station", "user": 294, "date": "2023-09-28T17:51:26Z"}
{"item": "router", "user": 368, "date": "2023-09-28T17:51:26Z"}
{"item": "video doorbell", "user": 47, "date": "2023-09-28T17:51:26Z"}
{"item": "power bank", "user": 544, "date": "2023-09-28T17:51:26Z"}
{"item": "smart thermostat", "user": 581, "date": "2023-09-28T17:51:26Z"}
{"item": "surround sound system", "user": 76, "date": "2023-09-28T17:51:26Z"}
{"item": "power bank", "user": 817, "date": "2023-09-28T17:51:26Z"}
{"item": "voice recorder", "user": 951, "date": "2023-09-28T17:51:26Z"}
{"item": "VR treadmill", "user": 579, "date": "2023-09-28T17:51:26Z"}
{"item": "laptop", "user": 769, "date": "2023-09-28T17:51:26Z"}
{"item": "smartphone", "user": 211, "date": "2023-09-28T17:51:26Z"}
{"item": "Arduino board", "user": 596, "date": "2023-09-28T17:51:26Z"}
{"item": "wireless microphone", "user": 632, "date": "2023-09-28T17:51:26Z"}
{"item": "computer processor", "user": 450, "date": "2023-09-28T17:51:26Z"}
{"item": "keyboard", "user": 547, "date": "2023-09-28T17:51:26Z"}
{"item": "soldering station", "user": 100, "date": "2023-09-28T17:51:26Z"}
{"item": "microSD card", "user": 197, "date": "2023-09-28T17:51:26Z"}
{"item": "walkie-talkie", "user": 937, "date": "2023-09-28T17:51:26Z"}
{"item": "Wearable fitness tracker", "user": 180, "date": "2023-09-28T17:51:26Z"}
{"item": "wireless headphones", "user": 782, "date": "2023-09-28T17:51:26Z"}
